2026-02-06 15:31:32,642 - INFO - Found credentials in shared credentials file: ~/.aws/credentials
2026-02-06 15:31:32,880 - INFO - Fetching buckets:
2026-02-06 15:31:32,880 - INFO - Bucket: aws-logs-440848399208-us-east-1
2026-02-06 15:31:32,880 - INFO - Bucket: cf-templates-1ipo4ffly4nmx-us-east-1
2026-02-06 15:31:32,880 - INFO - Bucket: cf-templates-c4y24uxuf1m0-us-east-1
2026-02-06 15:31:32,880 - INFO - Bucket: cf-templates-c4y24uxuf1m00-us-east-1
2026-02-06 15:31:32,880 - INFO - Bucket: config-bucket-440848399208
2026-02-06 15:31:32,880 - INFO - Bucket: cs4740-assignments
2026-02-06 15:31:32,880 - INFO - Bucket: cs4740-iam
2026-02-06 15:31:32,880 - INFO - Bucket: cs4740-resources
2026-02-06 15:31:32,880 - INFO - Bucket: dp1-test5-s3bucket-bpb3uhslwqzg
2026-02-06 15:31:32,880 - INFO - Bucket: ds1002-resources
2026-02-06 15:31:32,880 - INFO - Bucket: ds2002-data
2026-02-06 15:31:32,880 - INFO - Bucket: ds2002-jupyter
2026-02-06 15:31:32,880 - INFO - Bucket: ds2002-lambda
2026-02-06 15:31:32,880 - INFO - Bucket: ds2002-resources
2026-02-06 15:31:32,880 - INFO - Bucket: ds2022-equipment
2026-02-06 15:31:32,881 - INFO - Bucket: ds2022-resources
2026-02-06 15:31:32,881 - INFO - Bucket: ds3002-resources
2026-02-06 15:31:32,881 - INFO - Bucket: ds3022-datalake
2026-02-06 15:31:32,881 - INFO - Bucket: dsac-uva-cloud
2026-02-06 15:31:32,881 - INFO - Bucket: nem2p-dp1-spotify
2026-02-06 15:31:32,881 - INFO - Bucket: nem2p-events
2026-02-06 15:31:32,881 - INFO - Bucket: nem2p-private
2026-02-06 15:31:32,881 - INFO - Bucket: nem2p-test
2026-02-06 15:31:32,881 - INFO - Bucket: nmagee-share
2026-02-06 15:31:32,881 - INFO - Bucket: s3-lambda-chalice
2026-02-06 15:31:32,881 - INFO - Bucket: s3-linecount
2026-02-06 15:31:32,881 - INFO - Bucket: sds-chalice
2026-02-06 15:31:32,881 - INFO - Bucket: sds-cloud-snippets
2026-02-06 15:31:32,881 - INFO - Bucket: sds-papermill
2026-02-06 15:31:32,881 - INFO - Bucket: sds-systems-cloudformation
2026-02-06 15:31:32,881 - INFO - Bucket: us-east-2-cs4740-config
2026-02-06 15:31:32,881 - INFO - Bucket: uvasds-airflow
2026-02-06 15:31:32,881 - INFO - Bucket: uvasds-data
2026-02-06 15:31:32,881 - INFO - Bucket: uvasds-events
2026-02-06 15:31:32,881 - INFO - Bucket: uvasds-rust
2026-02-06 15:31:32,881 - INFO - Bucket: uvasds-systems
2026-02-06 15:31:32,881 - INFO - Bucket: uvasds.sh
